2015-09-25 20:07:03.018:INFO:oejs.Server:main: jetty-9.3.3.v20150827
2015-09-25 20:07:03.032:INFO:oejdp.ScanningAppProvider:main: Deployment monitor [file:///home/pankaj/sandbox/bigdata-training/jetty/deploy/webapps/] at interval 1
2015-09-25 20:07:03.525:WARN:oeja.AnnotationConfiguration:main: ServletContainerInitializers: detected. Class hierarchy: empty
2015-09-25 20:07:03.579:INFO:oejsh.ContextHandler:main: Started o.e.j.w.WebAppContext@7f560810{/jetty,file:///tmp/jetty-0.0.0.0-8080-jetty.war-_jetty-any-7419432431755464207.dir/webapp/,AVAILABLE}{/jetty.war}
2015-09-25 20:07:03.591:INFO:oejs.ServerConnector:main: Started ServerConnector@1e4a7dd4{HTTP/1.1,[http/1.1]}{0.0.0.0:8080}
2015-09-25 20:07:03.592:INFO:oejs.Server:main: Started @1259ms
2015-09-25 20:07:33.100:WARN:oejs.ServletHandler:qtp32374789-15: /jetty/HBaseServlet
java.lang.NullPointerException
	at demo.hbase.HBaseServlet.doGet(HBaseServlet.java:34)
	at javax.servlet.http.HttpServlet.service(HttpServlet.java:687)
	at javax.servlet.http.HttpServlet.service(HttpServlet.java:790)
	at org.eclipse.jetty.servlet.ServletHolder.handle(ServletHolder.java:816)
	at org.eclipse.jetty.servlet.ServletHandler.doHandle(ServletHandler.java:583)
	at org.eclipse.jetty.server.handler.ScopedHandler.handle(ScopedHandler.java:143)
	at org.eclipse.jetty.security.SecurityHandler.handle(SecurityHandler.java:548)
	at org.eclipse.jetty.server.session.SessionHandler.doHandle(SessionHandler.java:226)
	at org.eclipse.jetty.server.handler.ContextHandler.doHandle(ContextHandler.java:1156)
	at org.eclipse.jetty.servlet.ServletHandler.doScope(ServletHandler.java:511)
	at org.eclipse.jetty.server.session.SessionHandler.doScope(SessionHandler.java:185)
	at org.eclipse.jetty.server.handler.ContextHandler.doScope(ContextHandler.java:1088)
	at org.eclipse.jetty.server.handler.ScopedHandler.handle(ScopedHandler.java:141)
	at org.eclipse.jetty.server.handler.ContextHandlerCollection.handle(ContextHandlerCollection.java:213)
	at org.eclipse.jetty.server.handler.HandlerCollection.handle(HandlerCollection.java:109)
	at org.eclipse.jetty.server.handler.HandlerWrapper.handle(HandlerWrapper.java:119)
	at org.eclipse.jetty.server.Server.handle(Server.java:517)
	at org.eclipse.jetty.server.HttpChannel.handle(HttpChannel.java:306)
	at org.eclipse.jetty.server.HttpConnection.onFillable(HttpConnection.java:242)
	at org.eclipse.jetty.io.AbstractConnection$ReadCallback.succeeded(AbstractConnection.java:245)
	at org.eclipse.jetty.io.FillInterest.fillable(FillInterest.java:95)
	at org.eclipse.jetty.io.SelectChannelEndPoint$2.run(SelectChannelEndPoint.java:75)
	at org.eclipse.jetty.util.thread.strategy.ExecuteProduceConsume.produceAndRun(ExecuteProduceConsume.java:213)
	at org.eclipse.jetty.util.thread.strategy.ExecuteProduceConsume.run(ExecuteProduceConsume.java:147)
	at org.eclipse.jetty.util.thread.QueuedThreadPool.runJob(QueuedThreadPool.java:654)
	at org.eclipse.jetty.util.thread.QueuedThreadPool$3.run(QueuedThreadPool.java:572)
	at java.lang.Thread.run(Thread.java:745)
0 [qtp32374789-11] DEBUG org.apache.hadoop.metrics2.lib.MutableMetricsFactory  - field org.apache.hadoop.metrics2.lib.MutableRate org.apache.hadoop.security.UserGroupInformation$UgiMetrics.loginSuccess with annotation @org.apache.hadoop.metrics2.annotation.Metric(about=, sampleName=Ops, always=false, type=DEFAULT, valueName=Time, value=[Rate of successful kerberos logins and latency (milliseconds)])
9 [qtp32374789-11] DEBUG org.apache.hadoop.metrics2.lib.MutableMetricsFactory  - field org.apache.hadoop.metrics2.lib.MutableRate org.apache.hadoop.security.UserGroupInformation$UgiMetrics.loginFailure with annotation @org.apache.hadoop.metrics2.annotation.Metric(about=, sampleName=Ops, always=false, type=DEFAULT, valueName=Time, value=[Rate of failed kerberos logins and latency (milliseconds)])
9 [qtp32374789-11] DEBUG org.apache.hadoop.metrics2.lib.MutableMetricsFactory  - field org.apache.hadoop.metrics2.lib.MutableRate org.apache.hadoop.security.UserGroupInformation$UgiMetrics.getGroups with annotation @org.apache.hadoop.metrics2.annotation.Metric(about=, sampleName=Ops, always=false, type=DEFAULT, valueName=Time, value=[GetGroups])
9 [qtp32374789-11] DEBUG org.apache.hadoop.metrics2.impl.MetricsSystemImpl  - UgiMetrics, User and group related metrics
76 [qtp32374789-11] DEBUG org.apache.hadoop.security.authentication.util.KerberosName  - Kerberos krb5 configuration not found, setting default realm to empty
77 [qtp32374789-11] DEBUG org.apache.hadoop.security.Groups  -  Creating new Groups object
80 [qtp32374789-11] DEBUG org.apache.hadoop.util.NativeCodeLoader  - Trying to load the custom-built native-hadoop library...
80 [qtp32374789-11] DEBUG org.apache.hadoop.util.NativeCodeLoader  - Failed to load native-hadoop with error: java.lang.UnsatisfiedLinkError: no hadoop in java.library.path
81 [qtp32374789-11] DEBUG org.apache.hadoop.util.NativeCodeLoader  - java.library.path=/usr/local/lib:/usr/java/packages/lib/amd64:/usr/lib64:/lib64:/lib:/usr/lib
81 [qtp32374789-11] WARN org.apache.hadoop.util.NativeCodeLoader  - Unable to load native-hadoop library for your platform... using builtin-java classes where applicable
81 [qtp32374789-11] DEBUG org.apache.hadoop.security.JniBasedUnixGroupsMappingWithFallback  - Falling back to shell based
81 [qtp32374789-11] DEBUG org.apache.hadoop.security.JniBasedUnixGroupsMappingWithFallback  - Group mapping impl=org.apache.hadoop.security.ShellBasedUnixGroupsMapping
101 [qtp32374789-11] DEBUG org.apache.hadoop.util.Shell  - setsid exited with exit code 0
102 [qtp32374789-11] DEBUG org.apache.hadoop.security.Groups  - Group mapping impl=org.apache.hadoop.security.JniBasedUnixGroupsMappingWithFallback; cacheTimeout=300000; warningDeltaMs=5000
148 [qtp32374789-11] DEBUG org.apache.hadoop.security.UserGroupInformation  - hadoop login
149 [qtp32374789-11] DEBUG org.apache.hadoop.security.UserGroupInformation  - hadoop login commit
150 [qtp32374789-11] DEBUG org.apache.hadoop.security.UserGroupInformation  - using local user:UnixPrincipal: pankaj
151 [qtp32374789-11] DEBUG org.apache.hadoop.security.UserGroupInformation  - UGI loginUser:pankaj (auth:SIMPLE)
254 [qtp32374789-11] INFO org.apache.hadoop.hbase.zookeeper.RecoverableZooKeeper  - Process identifier=hconnection-0x1c9629aa connecting to ZooKeeper ensemble=localhost:2181
260 [qtp32374789-11] INFO org.apache.zookeeper.ZooKeeper  - Client environment:zookeeper.version=3.4.6-1569965, built on 02/20/2014 09:09 GMT
260 [qtp32374789-11] INFO org.apache.zookeeper.ZooKeeper  - Client environment:host.name=ubuntu15
260 [qtp32374789-11] INFO org.apache.zookeeper.ZooKeeper  - Client environment:java.version=1.8.0_60
260 [qtp32374789-11] INFO org.apache.zookeeper.ZooKeeper  - Client environment:java.vendor=Oracle Corporation
260 [qtp32374789-11] INFO org.apache.zookeeper.ZooKeeper  - Client environment:java.home=/usr/lib/jvm/java-8-oracle/jre
260 [qtp32374789-11] INFO org.apache.zookeeper.ZooKeeper  - Client environment:java.class.path=/opt/jetty-distribution-9.3.3.v20150827/lib/apache-jsp/org.eclipse.jetty.apache-jsp-9.3.3.v20150827.jar:/opt/jetty-distribution-9.3.3.v20150827/lib/apache-jsp/org.eclipse.jetty.orbit.org.eclipse.jdt.core-3.8.2.v20130121.jar:/opt/jetty-distribution-9.3.3.v20150827/lib/apache-jsp/org.mortbay.jasper.apache-el-8.0.23.M1.jar:/opt/jetty-distribution-9.3.3.v20150827/lib/apache-jsp/org.mortbay.jasper.apache-jsp-8.0.23.M1.jar:/home/pankaj/sandbox/bigdata-training/jetty/deploy/resources:/opt/jetty-distribution-9.3.3.v20150827/lib/servlet-api-3.1.jar:/opt/jetty-distribution-9.3.3.v20150827/lib/jetty-schemas-3.1.jar:/opt/jetty-distribution-9.3.3.v20150827/lib/jetty-http-9.3.3.v20150827.jar:/opt/jetty-distribution-9.3.3.v20150827/lib/jetty-server-9.3.3.v20150827.jar:/opt/jetty-distribution-9.3.3.v20150827/lib/jetty-xml-9.3.3.v20150827.jar:/opt/jetty-distribution-9.3.3.v20150827/lib/jetty-util-9.3.3.v20150827.jar:/opt/jetty-distribution-9.3.3.v20150827/lib/jetty-io-9.3.3.v20150827.jar:/opt/jetty-distribution-9.3.3.v20150827/lib/jetty-jndi-9.3.3.v20150827.jar:/opt/jetty-distribution-9.3.3.v20150827/lib/jndi/javax.mail.glassfish-1.4.1.v201005082020.jar:/opt/jetty-distribution-9.3.3.v20150827/lib/jndi/javax.transaction-api-1.2.jar:/opt/jetty-distribution-9.3.3.v20150827/lib/jetty-security-9.3.3.v20150827.jar:/opt/jetty-distribution-9.3.3.v20150827/lib/jetty-servlet-9.3.3.v20150827.jar:/opt/jetty-distribution-9.3.3.v20150827/lib/jetty-webapp-9.3.3.v20150827.jar:/opt/jetty-distribution-9.3.3.v20150827/lib/jetty-deploy-9.3.3.v20150827.jar:/opt/jetty-distribution-9.3.3.v20150827/lib/jetty-plus-9.3.3.v20150827.jar:/opt/jetty-distribution-9.3.3.v20150827/lib/jetty-annotations-9.3.3.v20150827.jar:/opt/jetty-distribution-9.3.3.v20150827/lib/annotations/asm-5.0.1.jar:/opt/jetty-distribution-9.3.3.v20150827/lib/annotations/asm-commons-5.0.1.jar:/opt/jetty-distribution-9.3.3.v20150827/lib/annotations/javax.annotation-api-1.2.jar
260 [qtp32374789-11] INFO org.apache.zookeeper.ZooKeeper  - Client environment:java.library.path=/usr/local/lib:/usr/java/packages/lib/amd64:/usr/lib64:/lib64:/lib:/usr/lib
260 [qtp32374789-11] INFO org.apache.zookeeper.ZooKeeper  - Client environment:java.io.tmpdir=/tmp
260 [qtp32374789-11] INFO org.apache.zookeeper.ZooKeeper  - Client environment:java.compiler=<NA>
260 [qtp32374789-11] INFO org.apache.zookeeper.ZooKeeper  - Client environment:os.name=Linux
260 [qtp32374789-11] INFO org.apache.zookeeper.ZooKeeper  - Client environment:os.arch=amd64
260 [qtp32374789-11] INFO org.apache.zookeeper.ZooKeeper  - Client environment:os.version=3.19.0-28-generic
260 [qtp32374789-11] INFO org.apache.zookeeper.ZooKeeper  - Client environment:user.name=pankaj
260 [qtp32374789-11] INFO org.apache.zookeeper.ZooKeeper  - Client environment:user.home=/home/pankaj
260 [qtp32374789-11] INFO org.apache.zookeeper.ZooKeeper  - Client environment:user.dir=/home/pankaj/sandbox/bigdata-training/jetty/deploy
261 [qtp32374789-11] INFO org.apache.zookeeper.ZooKeeper  - Initiating client connection, connectString=localhost:2181 sessionTimeout=90000 watcher=hconnection-0x1c9629aa0x0, quorum=localhost:2181, baseZNode=/hbase
263 [qtp32374789-11] DEBUG org.apache.zookeeper.ClientCnxn  - zookeeper.disableAutoWatchReset is false
283 [qtp32374789-11-SendThread(localhost:2181)] INFO org.apache.zookeeper.ClientCnxn  - Opening socket connection to server localhost/127.0.0.1:2181. Will not attempt to authenticate using SASL (unknown error)
285 [qtp32374789-11-SendThread(localhost:2181)] INFO org.apache.zookeeper.ClientCnxn  - Socket connection established to localhost/127.0.0.1:2181, initiating session
286 [qtp32374789-11-SendThread(localhost:2181)] DEBUG org.apache.zookeeper.ClientCnxn  - Session establishment request sent on localhost/127.0.0.1:2181
305 [qtp32374789-11-SendThread(localhost:2181)] INFO org.apache.zookeeper.ClientCnxn  - Session establishment complete on server localhost/127.0.0.1:2181, sessionid = 0x1500606eec90013, negotiated timeout = 90000
306 [qtp32374789-11-EventThread] DEBUG org.apache.hadoop.hbase.zookeeper.ZooKeeperWatcher  - hconnection-0x1c9629aa0x0, quorum=localhost:2181, baseZNode=/hbase Received ZooKeeper Event, type=None, state=SyncConnected, path=null
310 [qtp32374789-11-EventThread] DEBUG org.apache.hadoop.hbase.zookeeper.ZooKeeperWatcher  - hconnection-0x1c9629aa-0x1500606eec90013 connected
312 [qtp32374789-11-SendThread(localhost:2181)] DEBUG org.apache.zookeeper.ClientCnxn  - Reading reply sessionid:0x1500606eec90013, packet:: clientPath:null serverPath:null finished:false header:: 1,3  replyHeader:: 1,119,0  request:: '/hbase/hbaseid,F  response:: s{17,17,1443210140482,1443210140482,0,0,0,0,67,0,17} 
316 [qtp32374789-11-SendThread(localhost:2181)] DEBUG org.apache.zookeeper.ClientCnxn  - Reading reply sessionid:0x1500606eec90013, packet:: clientPath:null serverPath:null finished:false header:: 2,4  replyHeader:: 2,119,0  request:: '/hbase/hbaseid,F  response:: #ffffffff000146d61737465723a3136303030ffffffc853ffffff948e4c351250425546a2438653235623133662d643161382d343139322d396530392d613530323130333236363061,s{17,17,1443210140482,1443210140482,0,0,0,0,67,0,17} 
399 [qtp32374789-11] DEBUG org.apache.hadoop.hbase.ipc.AbstractRpcClient  - Codec=org.apache.hadoop.hbase.codec.KeyValueCodec@a0c0a92, compressor=null, tcpKeepAlive=true, tcpNoDelay=true, connectTO=10000, readTO=20000, writeTO=60000, minIdleTimeBeforeClose=120000, maxRetries=0, fallbackAllowed=false, bind address=null
412 [qtp32374789-11] INFO demo.hbase.QueryHBaseTable  - init successful
427 [qtp32374789-11-SendThread(localhost:2181)] DEBUG org.apache.zookeeper.ClientCnxn  - Reading reply sessionid:0x1500606eec90013, packet:: clientPath:null serverPath:null finished:false header:: 3,8  replyHeader:: 3,119,0  request:: '/hbase,F  response:: v{'replication,'meta-region-server,'rs,'splitWAL,'backup-masters,'table-lock,'flush-table-proc,'region-in-transition,'online-snapshot,'master,'running,'recovering-regions,'draining,'namespace,'hbaseid,'table} 
429 [qtp32374789-11-SendThread(localhost:2181)] DEBUG org.apache.zookeeper.ClientCnxn  - Reading reply sessionid:0x1500606eec90013, packet:: clientPath:null serverPath:null finished:false header:: 4,4  replyHeader:: 4,119,0  request:: '/hbase/meta-region-server,F  response:: #ffffffff0001a726567696f6e7365727665723a3136323031ffffffb1ffffff9a2c53ffffffe9ffffffb3266d50425546a14a87562756e7475313510ffffffc97e18ffffff8afffffff9ffffff9bffffffb0ffffff802a100183,s{46,46,1443210147053,1443210147053,0,0,0,0,61,0,46} 
540 [hconnection-0x1c9629aa-metaLookup-shared--pool1-t1] DEBUG org.apache.hadoop.hbase.ipc.AbstractRpcClient  - Use SIMPLE authentication for service ClientService, sasl=false
551 [hconnection-0x1c9629aa-metaLookup-shared--pool1-t1] DEBUG org.apache.hadoop.hbase.ipc.AbstractRpcClient  - Connecting to ubuntu15/192.168.1.206:16201
586 [qtp32374789-11] INFO demo.hbase.QueryHBaseTable  - scan successful
30460 [qtp32374789-11-SendThread(localhost:2181)] DEBUG org.apache.zookeeper.ClientCnxn  - Got ping response for sessionid: 0x1500606eec90013 after 0ms
60484 [qtp32374789-11-SendThread(localhost:2181)] DEBUG org.apache.zookeeper.ClientCnxn  - Got ping response for sessionid: 0x1500606eec90013 after 0ms
2015-09-25 20:09:13.262:INFO:oejs.ServerConnector:Thread-1: Stopped ServerConnector@1e4a7dd4{HTTP/1.1,[http/1.1]}{0.0.0.0:8080}
2015-09-25 20:09:13.295:INFO:oejsh.ContextHandler:Thread-1: Stopped o.e.j.w.WebAppContext@7f560810{/jetty,null,UNAVAILABLE}{/jetty.war}
